<?xml version="1.0" encoding="UTF-8"?>
<!-- Generated by org.testng.reporters.JUnitReportReporter -->
<testsuite hostname="FC45964D016E" failures="0" tests="15" name="GlobalKinetic.saucedemo.HomePageTest3" time="121.399" errors="0" timestamp="2021-01-18T23:51:00 SAST" skipped="0">
  <testcase classname="GlobalKinetic.saucedemo.HomePageTest3" name="AllItems" time="13.464"/>
  <system-out/>
  <testcase classname="GlobalKinetic.saucedemo.HomePageTest3" name="Checkout" time="6.393"/>
  <system-out/>
  <testcase classname="GlobalKinetic.saucedemo.HomePageTest3" name="sortAtoZ" time="5.600"/>
  <system-out/>
  <testcase classname="GlobalKinetic.saucedemo.HomePageTest3" name="sortLowtoHigh" time="5.671"/>
  <system-out/>
  <testcase classname="GlobalKinetic.saucedemo.HomePageTest3" name="continueShopping" time="11.207"/>
  <system-out/>
  <testcase classname="GlobalKinetic.saucedemo.HomePageTest3" name="viewCartList" time="5.979"/>
  <system-out/>
  <testcase classname="GlobalKinetic.saucedemo.HomePageTest3" name="ContinueWithDetails" time="6.397"/>
  <system-out/>
  <testcase classname="GlobalKinetic.saucedemo.HomePageTest3" name="ContinueWitoutDetails" time="6.127"/>
  <system-out/>
  <testcase classname="GlobalKinetic.saucedemo.HomePageTest3" name="FinishOrder" time="6.981"/>
  <system-out/>
  <testcase classname="GlobalKinetic.saucedemo.HomePageTest3" name="CancelOverView" time="11.701"/>
  <system-out/>
  <testcase classname="GlobalKinetic.saucedemo.HomePageTest3" name="About" time="17.534"/>
  <system-out/>
  <testcase classname="GlobalKinetic.saucedemo.HomePageTest3" name="RemoveItemsFromCartList" time="6.604"/>
  <system-out/>
  <testcase classname="GlobalKinetic.saucedemo.HomePageTest3" name="CancelButton" time="6.390"/>
  <system-out/>
  <testcase classname="GlobalKinetic.saucedemo.HomePageTest3" name="sortHighToLow" time="5.686"/>
  <system-out/>
  <testcase classname="GlobalKinetic.saucedemo.HomePageTest3" name="sortZtoA" time="5.665"/>
  <system-out/>
</testsuite> <!-- GlobalKinetic.saucedemo.HomePageTest3 -->
