<?xml version="1.0" encoding="UTF-8"?>
<!-- Generated by org.testng.reporters.JUnitReportReporter -->
<testsuite hostname="FC45964D016E" failures="0" tests="15" name="GlobalKinetic.saucedemo.HomePageTest" time="56.715" errors="0" timestamp="2021-01-18T23:51:00 SAST" skipped="0">
  <testcase classname="GlobalKinetic.saucedemo.HomePageTest" name="sortAtoZ" time="0.618"/>
  <system-out/>
  <testcase classname="GlobalKinetic.saucedemo.HomePageTest" name="ContinueWithDetails" time="1.413"/>
  <system-out/>
  <testcase classname="GlobalKinetic.saucedemo.HomePageTest" name="continueShopping" time="0.959"/>
  <system-out/>
  <testcase classname="GlobalKinetic.saucedemo.HomePageTest" name="RemoveItemsFromCartList" time="1.042"/>
  <system-out/>
  <testcase classname="GlobalKinetic.saucedemo.HomePageTest" name="AllItems" time="3.351"/>
  <system-out/>
  <testcase classname="GlobalKinetic.saucedemo.HomePageTest" name="sortLowtoHigh" time="0.669"/>
  <system-out/>
  <testcase classname="GlobalKinetic.saucedemo.HomePageTest" name="sortZtoA" time="0.701"/>
  <system-out/>
  <testcase classname="GlobalKinetic.saucedemo.HomePageTest" name="sortHighToLow" time="0.694"/>
  <system-out/>
  <testcase classname="GlobalKinetic.saucedemo.HomePageTest" name="viewCartList" time="0.880"/>
  <system-out/>
  <testcase classname="GlobalKinetic.saucedemo.HomePageTest" name="CancelOverView" time="2.030"/>
  <system-out/>
  <testcase classname="GlobalKinetic.saucedemo.HomePageTest" name="CancelButton" time="2.292"/>
  <system-out/>
  <testcase classname="GlobalKinetic.saucedemo.HomePageTest" name="About" time="37.169"/>
  <system-out/>
  <testcase classname="GlobalKinetic.saucedemo.HomePageTest" name="FinishOrder" time="2.184"/>
  <system-out/>
  <testcase classname="GlobalKinetic.saucedemo.HomePageTest" name="Checkout" time="1.660"/>
  <system-out/>
  <testcase classname="GlobalKinetic.saucedemo.HomePageTest" name="ContinueWitoutDetails" time="1.053"/>
  <system-out/>
</testsuite> <!-- GlobalKinetic.saucedemo.HomePageTest -->
