<?xml version="1.0" encoding="UTF-8"?>
<!-- Generated by org.testng.reporters.JUnitReportReporter -->
<testsuite hostname="FC45964D016E" failures="0" tests="7" name="GlobalKinetic.saucedemo.HomePage" time="45.558" errors="0" timestamp="15 Jan 2021 19:57:04 GMT">
  <testcase classname="GlobalKinetic.saucedemo.HomePage" name="CancelOverView" time="1.992"/>
  <testcase classname="GlobalKinetic.saucedemo.HomePage" name="ContinueWitoutDetails" time="1.055"/>
  <testcase classname="GlobalKinetic.saucedemo.HomePage" name="FinishOrder" time="2.789"/>
  <testcase classname="GlobalKinetic.saucedemo.HomePage" name="Checkout" time="1.625"/>
  <testcase classname="GlobalKinetic.saucedemo.HomePage" name="LockedUser" time="0.365"/>
  <testcase classname="GlobalKinetic.saucedemo.HomePage" name="CancelButton" time="36.346"/>
  <testcase classname="GlobalKinetic.saucedemo.HomePage" name="ContinueWithDetails" time="1.386"/>
</testsuite> <!-- GlobalKinetic.saucedemo.HomePage -->
