<?xml version="1.0" encoding="UTF-8"?>
<!-- Generated by org.testng.reporters.JUnitReportReporter -->
<testsuite hostname="FC45964D016E" failures="0" tests="1" name="GlobalKinetic.saucedemo.LoginTest" time="2.355" errors="0" timestamp="2021-01-18T23:51:00 SAST" skipped="0">
  <testcase classname="GlobalKinetic.saucedemo.LoginTest" name="LockedUser" time="2.355"/>
  <system-out/>
</testsuite> <!-- GlobalKinetic.saucedemo.LoginTest -->
