<?xml version="1.0" encoding="UTF-8"?>
<!-- Generated by org.testng.reporters.JUnitReportReporter -->
<testsuite hostname="FC45964D016E" name="GlobalKinetic.saucedemo.LoginTest" tests="1" failures="0" timestamp="16 Jan 2021 10:59:08 GMT" time="5.251" errors="0">
  <testcase name="LockedUser" time="5.251" classname="GlobalKinetic.saucedemo.LoginTest"/>
</testsuite> <!-- GlobalKinetic.saucedemo.LoginTest -->
