<?xml version="1.0" encoding="UTF-8"?>
<!-- Generated by org.testng.reporters.JUnitReportReporter -->
<testsuite hostname="FC45964D016E" name="GlobalKinetic.saucedemo.HomePageTest" tests="13" failures="0" timestamp="16 Jan 2021 10:59:08 GMT" time="61.729" errors="0">
  <testcase name="CancelButton" time="46.763" classname="GlobalKinetic.saucedemo.HomePageTest"/>
  <testcase name="sortLowtoHigh" time="0.767" classname="GlobalKinetic.saucedemo.HomePageTest"/>
  <testcase name="CancelOverView" time="2.016" classname="GlobalKinetic.saucedemo.HomePageTest"/>
  <testcase name="ContinueWithDetails" time="1.395" classname="GlobalKinetic.saucedemo.HomePageTest"/>
  <testcase name="sortAtoZ" time="0.990" classname="GlobalKinetic.saucedemo.HomePageTest"/>
  <testcase name="sortHighToLow" time="0.689" classname="GlobalKinetic.saucedemo.HomePageTest"/>
  <testcase name="FinishOrder" time="2.605" classname="GlobalKinetic.saucedemo.HomePageTest"/>
  <testcase name="ContinueWitoutDetails" time="1.078" classname="GlobalKinetic.saucedemo.HomePageTest"/>
  <testcase name="sortZtoA" time="0.629" classname="GlobalKinetic.saucedemo.HomePageTest"/>
  <testcase name="continueShopping" time="1.086" classname="GlobalKinetic.saucedemo.HomePageTest"/>
  <testcase name="RemoveItemsFromCartList" time="1.069" classname="GlobalKinetic.saucedemo.HomePageTest"/>
  <testcase name="viewCartList" time="1.264" classname="GlobalKinetic.saucedemo.HomePageTest"/>
  <testcase name="Checkout" time="1.378" classname="GlobalKinetic.saucedemo.HomePageTest"/>
</testsuite> <!-- GlobalKinetic.saucedemo.HomePageTest -->
