<?xml version="1.0" encoding="UTF-8"?>
<!-- Generated by org.testng.reporters.JUnitReportReporter -->
<testsuite hostname="FC45964D016E" name="GlobalKinetic.saucedemo.AppTest" tests="1" failures="0" timestamp="15 Jan 2021 21:13:08 GMT" time="0.007" errors="0">
  <testcase name="shouldAnswerWithTrue" time="0.007" classname="GlobalKinetic.saucedemo.AppTest"/>
</testsuite> <!-- GlobalKinetic.saucedemo.AppTest -->
